Traceback (most recent call last):
  File "/usr/local/lib/python3.11/dist-packages/jupyter_core/utils/__init__.py", line 154, in wrapped
    asyncio.get_running_loop()
RuntimeError: no running event loop

During handling of the above exception, another exception occurred:

Traceback (most recent call last):
  File "/usr/local/lib/python3.11/dist-packages/jupyter_cache/executors/utils.py", line 58, in single_nb_execution
    executenb(
  File "/usr/local/lib/python3.11/dist-packages/nbclient/client.py", line 1319, in execute
    return NotebookClient(nb=nb, resources=resources, km=km, **kwargs).execute()
           ^^^^^^^^^^^^^^^^^^^^^^^^^^^^^^^^^^^^^^^^^^^^^^^^^^^^^^^^^^^^^^^^^^^^^
  File "/usr/local/lib/python3.11/dist-packages/jupyter_core/utils/__init__.py", line 158, in wrapped
    return loop.run_until_complete(inner)
           ^^^^^^^^^^^^^^^^^^^^^^^^^^^^^^
  File "/usr/lib/python3.11/asyncio/base_events.py", line 654, in run_until_complete
    return future.result()
           ^^^^^^^^^^^^^^^
  File "/usr/local/lib/python3.11/dist-packages/nbclient/client.py", line 709, in async_execute
    await self.async_execute_cell(
  File "/usr/local/lib/python3.11/dist-packages/nbclient/client.py", line 1062, in async_execute_cell
    await self._check_raise_for_error(cell, cell_index, exec_reply)
  File "/usr/local/lib/python3.11/dist-packages/nbclient/client.py", line 918, in _check_raise_for_error
    raise CellExecutionError.from_cell_and_msg(cell, exec_reply_content)
nbclient.exceptions.CellExecutionError: An error occurred while executing the following cell:
------------------
# --- Visualisasi 2: Melihat Distribusi Spesies di Tiap Kategori ---

# Mengambil kembali daftar fitur yang kita diskritisasi
features_to_visualize = discretization_params.keys()

print("Visualisasi Distribusi Spesies di Dalam Setiap Kategori Baru\n")

# Loop untuk membuat plot untuk setiap fitur
for feature in features_to_visualize:
    plt.figure(figsize=(10, 6))

    # Menggunakan countplot dari seaborn untuk kemudahan
    sns.countplot(
        x=data_discretized[feature + '_discrete'], # Sumbu x adalah kategori (A, B, C)
        hue=data_discretized['species'], # Warna dibedakan berdasarkan spesies
        order=sorted(data_discretized[feature + '_discrete'].unique()) # Mengurutkan kategori (A, B, C)
    )

    plt.title(f'Distribusi Spesies untuk Kategori Fitur "{feature}"', fontsize=16)
    plt.xlabel('Kategori Hasil Diskritisasi', fontsize=12)
    plt.ylabel('Jumlah Data', fontsize=12)
    plt.show()
------------------


[0;31m---------------------------------------------------------------------------[0m
[0;31mNameError[0m                                 Traceback (most recent call last)
[0;32m<ipython-input-14-3658738744>[0m in [0;36m<cell line: 0>[0;34m()[0m
[1;32m      2[0m [0;34m[0m[0m
[1;32m      3[0m [0;31m# Mengambil kembali daftar fitur yang kita diskritisasi[0m[0;34m[0m[0;34m[0m[0m
[0;32m----> 4[0;31m [0mfeatures_to_visualize[0m [0;34m=[0m [0mdiscretization_params[0m[0;34m.[0m[0mkeys[0m[0;34m([0m[0;34m)[0m[0;34m[0m[0;34m[0m[0m
[0m[1;32m      5[0m [0;34m[0m[0m
[1;32m      6[0m [0mprint[0m[0;34m([0m[0;34m"Visualisasi Distribusi Spesies di Dalam Setiap Kategori Baru\n"[0m[0;34m)[0m[0;34m[0m[0;34m[0m[0m

[0;31mNameError[0m: name 'discretization_params' is not defined

